<?xml version="1.0" encoding="UTF-8"?>
<testsuite xmlns:xsi="http://www.w3.org/2001/XMLSchema-instance" xsi:noNamespaceSchemaLocation="https://maven.apache.org/surefire/maven-surefire-plugin/xsd/surefire-test-report.xsd" version="3.0.2" name="com.seersniff.seersniff.api.SeerSniffApiApplicationTests" time="1.748" tests="1" errors="0" skipped="0" failures="0">
  <properties>
[...]
</properties>
  <testcase name="contextLoads" classname="com.seersniff.seersniff.api.SeerSniffApiApplicationTests" time="0.428">
    <system-out><![CDATA[20:26:41.911 [main] INFO org.springframework.test.context.support.AnnotationConfigContextLoaderUtils -- Could not detect default configuration classes for test class [com.seersniff.seersniff.api.SeerSniffApiApplicationTests]: SeerSniffApiApplicationTests does not declare any static, non-private, non-final, nested classes annotated with @Configuration.
20:26:42.005 [main] INFO org.springframework.boot.test.context.SpringBootTestContextBootstrapper -- Found @SpringBootConfiguration com.seersniff.seersniff.api.SeerSniffApiApplication for test class com.seersniff.seersniff.api.SeerSniffApiApplicationTests

  .   ____          _            __ _ _
 /\\ / ___'_ __ _ _(_)_ __  __ _ \ \ \ \
( ( )\___ | '_ | '_| | '_ \/ _` | \ \ \ \
 \\/  ___)| |_)| | | | | || (_| |  ) ) ) )
  '  |____| .__|_| |_|_| |_\__, | / / / /
 =========|_|==============|___/=/_/_/_/

 :: Spring Boot ::               (v3.5.10)

2026-02-22T20:26:42.342-05:00  INFO 28084 --- [seer-sniff-api] [           main] c.s.s.api.SeerSniffApiApplicationTests   : Starting SeerSniffApiApplicationTests using Java 21.0.10 with PID 28084 (started by readf in C:\Users\readf\OneDrive\Desktop\SEERSNIFF\seer-sniff-api)
2026-02-22T20:26:42.343-05:00  INFO 28084 --- [seer-sniff-api] [           main] c.s.s.api.SeerSniffApiApplicationTests   : No active profile set, falling back to 1 default profile: "default"
2026-02-22T20:26:43.100-05:00  INFO 28084 --- [seer-sniff-api] [           main] c.s.s.api.SeerSniffApiApplicationTests   : Started SeerSniffApiApplicationTests in 0.959 seconds (process running for 2.31)
]]></system-out>
    <system-err><![CDATA[Mockito is currently self-attaching to enable the inline-mock-maker. This will no longer work in future releases of the JDK. Please add Mockito as an agent to your build as described in Mockito's documentation: https://javadoc.io/doc/org.mockito/mockito-core/latest/org.mockito/org/mockito/Mockito.html#0.3
WARNING: A Java agent has been loaded dynamically (C:\Users\readf\.m2\repository\net\bytebuddy\byte-buddy-agent\1.17.8\byte-buddy-agent-1.17.8.jar)
WARNING: If a serviceability tool is in use, please run with -XX:+EnableDynamicAgentLoading to hide this warning
WARNING: If a serviceability tool is not in use, please run with -Djdk.instrument.traceUsage for more information
WARNING: Dynamic loading of agents will be disallowed by default in a future release
]]></system-err>
  </testcase>
</testsuite>